{"C:\\src\\personal\\BCBGroup\\bcbgroup-crypto-quotes-server\\src\\app.controller.ts": {"path":"C:\\src\\personal\\BCBGroup\\bcbgroup-crypto-quotes-server\\src\\app.controller.ts","statementMap":{"0":{"start":{"line":1,"column":0},"end":{"line":1,"column":84}},"1":{"start":{"line":2,"column":0},"end":{"line":2,"column":47}},"2":{"start":{"line":3,"column":0},"end":{"line":3,"column":43}},"3":{"start":{"line":7,"column":0},"end":{"line":17,"column":null}},"4":{"start":{"line":8,"column":33},"end":{"line":8,"column":45}},"5":{"start":{"line":15,"column":8},"end":{"line":15,"column":42}},"6":{"start":{"line":14,"column":4},"end":{"line":16,"column":null}},"7":{"start":{"line":7,"column":13},"end":{"line":17,"column":null}},"8":{"start":{"line":7,"column":13},"end":{"line":7,"column":26}}},"fnMap":{"0":{"name":"(anonymous_2)","decl":{"start":{"line":8,"column":4},"end":{"line":8,"column":33}},"loc":{"start":{"line":8,"column":55},"end":{"line":8,"column":59}}},"1":{"name":"(anonymous_3)","decl":{"start":{"line":14,"column":4},"end":{"line":14,"column":12}},"loc":{"start":{"line":14,"column":12},"end":{"line":16,"column":5}}}},"branchMap":{},"s":{"0":2,"1":2,"2":2,"3":2,"4":1,"5":1,"6":2,"7":2,"8":2},"f":{"0":1,"1":1},"b":{}}
,"C:\\src\\personal\\BCBGroup\\bcbgroup-crypto-quotes-server\\src\\app.gateway.ts": {"path":"C:\\src\\personal\\BCBGroup\\bcbgroup-crypto-quotes-server\\src\\app.gateway.ts","statementMap":{"0":{"start":{"line":1,"column":0},"end":{"line":1,"column":40}},"1":{"start":{"line":2,"column":0},"end":{"line":2,"column":63}},"2":{"start":{"line":3,"column":0},"end":{"line":3,"column":null}},"3":{"start":{"line":14,"column":0},"end":{"line":71,"column":null}},"4":{"start":{"line":21,"column":24},"end":{"line":21,"column":38}},"5":{"start":{"line":15,"column":12},"end":{"line":15,"column":54}},"6":{"start":{"line":22,"column":8},"end":{"line":22,"column":37}},"7":{"start":{"line":32,"column":8},"end":{"line":32,"column":67}},"8":{"start":{"line":33,"column":8},"end":{"line":33,"column":43}},"9":{"start":{"line":41,"column":8},"end":{"line":41,"column":89}},"10":{"start":{"line":50,"column":8},"end":{"line":54,"column":null}},"11":{"start":{"line":51,"column":12},"end":{"line":51,"column":39}},"12":{"start":{"line":52,"column":12},"end":{"line":52,"column":49}},"13":{"start":{"line":53,"column":12},"end":{"line":53,"column":69}},"14":{"start":{"line":55,"column":8},"end":{"line":55,"column":93}},"15":{"start":{"line":64,"column":8},"end":{"line":64,"column":35}},"16":{"start":{"line":65,"column":8},"end":{"line":65,"column":50}},"17":{"start":{"line":66,"column":8},"end":{"line":66,"column":62}},"18":{"start":{"line":67,"column":8},"end":{"line":69,"column":10}},"19":{"start":{"line":20,"column":23},"end":{"line":20,"column":null}},"20":{"start":{"line":31,"column":4},"end":{"line":34,"column":null}},"21":{"start":{"line":14,"column":13},"end":{"line":71,"column":null}},"22":{"start":{"line":14,"column":13},"end":{"line":14,"column":23}}},"fnMap":{"0":{"name":"(anonymous_2)","decl":{"start":{"line":21,"column":4},"end":{"line":21,"column":24}},"loc":{"start":{"line":21,"column":51},"end":{"line":23,"column":5}}},"1":{"name":"(anonymous_3)","decl":{"start":{"line":31,"column":4},"end":{"line":31,"column":24}},"loc":{"start":{"line":31,"column":45},"end":{"line":34,"column":5}}},"2":{"name":"(anonymous_4)","decl":{"start":{"line":40,"column":4},"end":{"line":40,"column":13}},"loc":{"start":{"line":40,"column":28},"end":{"line":42,"column":5}}},"3":{"name":"(anonymous_5)","decl":{"start":{"line":49,"column":4},"end":{"line":49,"column":20}},"loc":{"start":{"line":49,"column":35},"end":{"line":56,"column":5}}},"4":{"name":"(anonymous_6)","decl":{"start":{"line":63,"column":4},"end":{"line":63,"column":20}},"loc":{"start":{"line":63,"column":35},"end":{"line":70,"column":5}}}},"branchMap":{"0":{"loc":{"start":{"line":50,"column":8},"end":{"line":54,"column":null}},"type":"if","locations":[{"start":{"line":50,"column":8},"end":{"line":54,"column":null}},{"start":{"line":50,"column":8},"end":{"line":54,"column":null}}]}},"s":{"0":1,"1":1,"2":1,"3":1,"4":0,"5":0,"6":0,"7":0,"8":0,"9":0,"10":0,"11":0,"12":0,"13":0,"14":0,"15":0,"16":0,"17":0,"18":0,"19":1,"20":1,"21":1,"22":1},"f":{"0":0,"1":0,"2":0,"3":0,"4":0},"b":{"0":[0,0]}}
,"C:\\src\\personal\\BCBGroup\\bcbgroup-crypto-quotes-server\\src\\app.module.ts": {"path":"C:\\src\\personal\\BCBGroup\\bcbgroup-crypto-quotes-server\\src\\app.module.ts","statementMap":{"0":{"start":{"line":1,"column":0},"end":{"line":1,"column":71}},"1":{"start":{"line":2,"column":0},"end":{"line":2,"column":46}},"2":{"start":{"line":3,"column":0},"end":{"line":3,"column":47}},"3":{"start":{"line":4,"column":0},"end":{"line":4,"column":59}},"4":{"start":{"line":5,"column":0},"end":{"line":5,"column":49}},"5":{"start":{"line":6,"column":0},"end":{"line":6,"column":43}},"6":{"start":{"line":7,"column":0},"end":{"line":7,"column":43}},"7":{"start":{"line":8,"column":0},"end":{"line":8,"column":77}},"8":{"start":{"line":30,"column":0},"end":{"line":30,"column":null}},"9":{"start":{"line":30,"column":13},"end":{"line":30,"column":null}},"10":{"start":{"line":30,"column":13},"end":{"line":30,"column":22}}},"fnMap":{},"branchMap":{},"s":{"0":1,"1":1,"2":1,"3":1,"4":1,"5":1,"6":1,"7":1,"8":1,"9":1,"10":1},"f":{},"b":{}}
,"C:\\src\\personal\\BCBGroup\\bcbgroup-crypto-quotes-server\\src\\app.service.ts": {"path":"C:\\src\\personal\\BCBGroup\\bcbgroup-crypto-quotes-server\\src\\app.service.ts","statementMap":{"0":{"start":{"line":1,"column":0},"end":{"line":1,"column":44}},"1":{"start":{"line":8,"column":0},"end":{"line":12,"column":null}},"2":{"start":{"line":10,"column":8},"end":{"line":10,"column":60}},"3":{"start":{"line":8,"column":13},"end":{"line":12,"column":null}},"4":{"start":{"line":8,"column":13},"end":{"line":8,"column":23}}},"fnMap":{"0":{"name":"(anonymous_1)","decl":{"start":{"line":9,"column":4},"end":{"line":9,"column":12}},"loc":{"start":{"line":9,"column":12},"end":{"line":11,"column":5}}}},"branchMap":{},"s":{"0":2,"1":2,"2":1,"3":2,"4":2},"f":{"0":1},"b":{}}
,"C:\\src\\personal\\BCBGroup\\bcbgroup-crypto-quotes-server\\src\\main.ts": {"path":"C:\\src\\personal\\BCBGroup\\bcbgroup-crypto-quotes-server\\src\\main.ts","statementMap":{"0":{"start":{"line":1,"column":0},"end":{"line":1,"column":43}},"1":{"start":{"line":3,"column":0},"end":{"line":3,"column":65}},"2":{"start":{"line":4,"column":0},"end":{"line":4,"column":33}},"3":{"start":{"line":5,"column":0},"end":{"line":5,"column":41}},"4":{"start":{"line":8,"column":16},"end":{"line":8,"column":75}},"5":{"start":{"line":9,"column":4},"end":{"line":9,"column":22}},"6":{"start":{"line":10,"column":4},"end":{"line":14,"column":7}},"7":{"start":{"line":17,"column":19},"end":{"line":21,"column":16}},"8":{"start":{"line":22,"column":21},"end":{"line":22,"column":62}},"9":{"start":{"line":23,"column":4},"end":{"line":23,"column":46}},"10":{"start":{"line":25,"column":4},"end":{"line":25,"column":47}},"11":{"start":{"line":27,"column":0},"end":{"line":27,"column":12}}},"fnMap":{"0":{"name":"bootstrap","decl":{"start":{"line":7,"column":15},"end":{"line":7,"column":24}},"loc":{"start":{"line":7,"column":24},"end":{"line":26,"column":1}}}},"branchMap":{},"s":{"0":0,"1":0,"2":0,"3":0,"4":0,"5":0,"6":0,"7":0,"8":0,"9":0,"10":0,"11":0},"f":{"0":0},"b":{}}
,"C:\\src\\personal\\BCBGroup\\bcbgroup-crypto-quotes-server\\src\\crypto-compare\\crypto-compare.controller.ts": {"path":"C:\\src\\personal\\BCBGroup\\bcbgroup-crypto-quotes-server\\src\\crypto-compare\\crypto-compare.controller.ts","statementMap":{"0":{"start":{"line":1,"column":0},"end":{"line":1,"column":98}},"1":{"start":{"line":2,"column":0},"end":{"line":2,"column":67}},"2":{"start":{"line":3,"column":0},"end":{"line":3,"column":64}},"3":{"start":{"line":7,"column":0},"end":{"line":55,"column":null}},"4":{"start":{"line":8,"column":33},"end":{"line":8,"column":58}},"5":{"start":{"line":17,"column":8},"end":{"line":17,"column":83}},"6":{"start":{"line":27,"column":34},"end":{"line":27,"column":76}},"7":{"start":{"line":28,"column":37},"end":{"line":28,"column":85}},"8":{"start":{"line":29,"column":8},"end":{"line":29,"column":85}},"9":{"start":{"line":43,"column":23},"end":{"line":43,"column":35}},"10":{"start":{"line":44,"column":8},"end":{"line":44,"column":98}},"11":{"start":{"line":53,"column":8},"end":{"line":53,"column":76}},"12":{"start":{"line":16,"column":4},"end":{"line":18,"column":null}},"13":{"start":{"line":26,"column":4},"end":{"line":30,"column":null}},"14":{"start":{"line":42,"column":4},"end":{"line":45,"column":null}},"15":{"start":{"line":52,"column":4},"end":{"line":54,"column":null}},"16":{"start":{"line":7,"column":13},"end":{"line":55,"column":null}},"17":{"start":{"line":7,"column":13},"end":{"line":7,"column":36}}},"fnMap":{"0":{"name":"(anonymous_4)","decl":{"start":{"line":8,"column":4},"end":{"line":8,"column":33}},"loc":{"start":{"line":8,"column":78},"end":{"line":8,"column":82}}},"1":{"name":"(anonymous_5)","decl":{"start":{"line":16,"column":4},"end":{"line":16,"column":9}},"loc":{"start":{"line":16,"column":70},"end":{"line":18,"column":5}}},"2":{"name":"(anonymous_6)","decl":{"start":{"line":26,"column":4},"end":{"line":26,"column":9}},"loc":{"start":{"line":26,"column":77},"end":{"line":30,"column":5}}},"3":{"name":"(anonymous_7)","decl":{"start":{"line":42,"column":4},"end":{"line":42,"column":9}},"loc":{"start":{"line":42,"column":103},"end":{"line":45,"column":5}}},"4":{"name":"(anonymous_8)","decl":{"start":{"line":52,"column":4},"end":{"line":52,"column":9}},"loc":{"start":{"line":52,"column":48},"end":{"line":54,"column":5}}}},"branchMap":{"0":{"loc":{"start":{"line":27,"column":45},"end":{"line":27,"column":64}},"type":"cond-expr","locations":[{"start":{"line":27,"column":45},"end":{"line":27,"column":64}},{"start":{"line":27,"column":67},"end":{"line":27,"column":76}}]},"1":{"loc":{"start":{"line":28,"column":51},"end":{"line":28,"column":73}},"type":"cond-expr","locations":[{"start":{"line":28,"column":51},"end":{"line":28,"column":73}},{"start":{"line":28,"column":76},"end":{"line":28,"column":85}}]},"2":{"loc":{"start":{"line":43,"column":23},"end":{"line":43,"column":30}},"type":"binary-expr","locations":[{"start":{"line":43,"column":23},"end":{"line":43,"column":30}},{"start":{"line":43,"column":34},"end":{"line":43,"column":35}}]}},"s":{"0":2,"1":2,"2":2,"3":2,"4":1,"5":1,"6":1,"7":1,"8":1,"9":1,"10":1,"11":0,"12":2,"13":2,"14":2,"15":2,"16":2,"17":2},"f":{"0":1,"1":1,"2":1,"3":1,"4":0},"b":{"0":[1,0],"1":[1,0],"2":[1,0]}}
,"C:\\src\\personal\\BCBGroup\\bcbgroup-crypto-quotes-server\\src\\crypto-compare\\crypto-compare.module.ts": {"path":"C:\\src\\personal\\BCBGroup\\bcbgroup-crypto-quotes-server\\src\\crypto-compare\\crypto-compare.module.ts","statementMap":{"0":{"start":{"line":1,"column":0},"end":{"line":1,"column":65}},"1":{"start":{"line":2,"column":0},"end":{"line":2,"column":61}},"2":{"start":{"line":3,"column":0},"end":{"line":3,"column":70}},"3":{"start":{"line":4,"column":0},"end":{"line":4,"column":64}},"4":{"start":{"line":22,"column":0},"end":{"line":22,"column":null}},"5":{"start":{"line":22,"column":13},"end":{"line":22,"column":null}},"6":{"start":{"line":12,"column":65},"end":{"line":15,"column":14}},"7":{"start":{"line":22,"column":13},"end":{"line":22,"column":32}}},"fnMap":{"0":{"name":"(anonymous_1)","decl":{"start":{"line":12,"column":24},"end":{"line":12,"column":29}},"loc":{"start":{"line":12,"column":65},"end":{"line":15,"column":14}}}},"branchMap":{},"s":{"0":1,"1":1,"2":1,"3":1,"4":1,"5":1,"6":0,"7":1},"f":{"0":0},"b":{}}
,"C:\\src\\personal\\BCBGroup\\bcbgroup-crypto-quotes-server\\src\\crypto-compare\\crypto-compare.service.ts": {"path":"C:\\src\\personal\\BCBGroup\\bcbgroup-crypto-quotes-server\\src\\crypto-compare\\crypto-compare.service.ts","statementMap":{"0":{"start":{"line":1,"column":0},"end":{"line":1,"column":65}},"1":{"start":{"line":2,"column":0},"end":{"line":2,"column":47}},"2":{"start":{"line":3,"column":0},"end":{"line":3,"column":54}},"3":{"start":{"line":5,"column":0},"end":{"line":5,"column":32}},"4":{"start":{"line":12,"column":0},"end":{"line":287,"column":null}},"5":{"start":{"line":25,"column":16},"end":{"line":25,"column":31}},"6":{"start":{"line":26,"column":16},"end":{"line":26,"column":29}},"7":{"start":{"line":27,"column":16},"end":{"line":27,"column":30}},"8":{"start":{"line":13,"column":12},"end":{"line":13,"column":64}},"9":{"start":{"line":29,"column":8},"end":{"line":29,"column":76}},"10":{"start":{"line":30,"column":8},"end":{"line":30,"column":79}},"11":{"start":{"line":31,"column":8},"end":{"line":31,"column":77}},"12":{"start":{"line":33,"column":31},"end":{"line":33,"column":84}},"13":{"start":{"line":34,"column":8},"end":{"line":34,"column":49}},"14":{"start":{"line":36,"column":34},"end":{"line":36,"column":92}},"15":{"start":{"line":37,"column":8},"end":{"line":37,"column":55}},"16":{"start":{"line":39,"column":8},"end":{"line":42,"column":10}},"17":{"start":{"line":44,"column":8},"end":{"line":44,"column":25}},"18":{"start":{"line":51,"column":24},"end":{"line":51,"column":73}},"19":{"start":{"line":52,"column":8},"end":{"line":52,"column":49}},"20":{"start":{"line":53,"column":8},"end":{"line":53,"column":31}},"21":{"start":{"line":63,"column":8},"end":{"line":75,"column":null}},"22":{"start":{"line":64,"column":12},"end":{"line":72,"column":15}},"23":{"start":{"line":65,"column":37},"end":{"line":65,"column":51}},"24":{"start":{"line":66,"column":49},"end":{"line":70,"column":18}},"25":{"start":{"line":71,"column":16},"end":{"line":71,"column":35}},"26":{"start":{"line":74,"column":12},"end":{"line":74,"column":41}},"27":{"start":{"line":85,"column":32},"end":{"line":85,"column":86}},"28":{"start":{"line":86,"column":35},"end":{"line":86,"column":98}},"29":{"start":{"line":87,"column":27},"end":{"line":87,"column":110}},"30":{"start":{"line":88,"column":45},"end":{"line":90,"column":24}},"31":{"start":{"line":91,"column":8},"end":{"line":91,"column":29}},"32":{"start":{"line":102,"column":8},"end":{"line":102,"column":32}},"33":{"start":{"line":102,"column":21},"end":{"line":102,"column":32}},"34":{"start":{"line":103,"column":27},"end":{"line":103,"column":119}},"35":{"start":{"line":104,"column":8},"end":{"line":104,"column":32}},"36":{"start":{"line":105,"column":45},"end":{"line":107,"column":24}},"37":{"start":{"line":110,"column":38},"end":{"line":115,"column":10}},"38":{"start":{"line":116,"column":42},"end":{"line":116,"column":106}},"39":{"start":{"line":118,"column":8},"end":{"line":127,"column":null}},"40":{"start":{"line":119,"column":40},"end":{"line":119,"column":64}},"41":{"start":{"line":120,"column":12},"end":{"line":126,"column":15}},"42":{"start":{"line":121,"column":61},"end":{"line":124,"column":18}},"43":{"start":{"line":125,"column":16},"end":{"line":125,"column":47}},"44":{"start":{"line":128,"column":8},"end":{"line":128,"column":34}},"45":{"start":{"line":129,"column":8},"end":{"line":129,"column":22}},"46":{"start":{"line":140,"column":27},"end":{"line":140,"column":103}},"47":{"start":{"line":141,"column":45},"end":{"line":143,"column":24}},"48":{"start":{"line":146,"column":38},"end":{"line":150,"column":10}},"49":{"start":{"line":151,"column":42},"end":{"line":151,"column":106}},"50":{"start":{"line":152,"column":8},"end":{"line":200,"column":null}},"51":{"start":{"line":157,"column":12},"end":{"line":164,"column":null}},"52":{"start":{"line":158,"column":36},"end":{"line":158,"column":63}},"53":{"start":{"line":159,"column":16},"end":{"line":163,"column":19}},"54":{"start":{"line":168,"column":12},"end":{"line":175,"column":null}},"55":{"start":{"line":169,"column":36},"end":{"line":169,"column":66}},"56":{"start":{"line":170,"column":16},"end":{"line":174,"column":19}},"57":{"start":{"line":181,"column":12},"end":{"line":188,"column":null}},"58":{"start":{"line":182,"column":36},"end":{"line":182,"column":73}},"59":{"start":{"line":183,"column":16},"end":{"line":187,"column":19}},"60":{"start":{"line":192,"column":12},"end":{"line":199,"column":null}},"61":{"start":{"line":193,"column":36},"end":{"line":193,"column":71}},"62":{"start":{"line":194,"column":16},"end":{"line":198,"column":19}},"63":{"start":{"line":201,"column":8},"end":{"line":201,"column":34}},"64":{"start":{"line":202,"column":8},"end":{"line":202,"column":22}},"65":{"start":{"line":211,"column":32},"end":{"line":214,"column":10}},"66":{"start":{"line":215,"column":8},"end":{"line":215,"column":57}},"67":{"start":{"line":223,"column":8},"end":{"line":226,"column":11}},"68":{"start":{"line":224,"column":12},"end":{"line":224,"column":43}},"69":{"start":{"line":225,"column":12},"end":{"line":225,"column":64}},"70":{"start":{"line":229,"column":8},"end":{"line":231,"column":11}},"71":{"start":{"line":230,"column":12},"end":{"line":230,"column":37}},"72":{"start":{"line":235,"column":8},"end":{"line":269,"column":11}},"73":{"start":{"line":236,"column":33},"end":{"line":236,"column":67}},"74":{"start":{"line":238,"column":12},"end":{"line":268,"column":null}},"75":{"start":{"line":240,"column":16},"end":{"line":240,"column":78}},"76":{"start":{"line":241,"column":16},"end":{"line":241,"column":50}},"77":{"start":{"line":242,"column":19},"end":{"line":268,"column":null}},"78":{"start":{"line":244,"column":16},"end":{"line":244,"column":64}},"79":{"start":{"line":245,"column":16},"end":{"line":245,"column":81}},"80":{"start":{"line":246,"column":19},"end":{"line":268,"column":null}},"81":{"start":{"line":250,"column":49},"end":{"line":254,"column":18}},"82":{"start":{"line":255,"column":16},"end":{"line":255,"column":61}},"83":{"start":{"line":256,"column":19},"end":{"line":268,"column":null}},"84":{"start":{"line":258,"column":16},"end":{"line":258,"column":84}},"85":{"start":{"line":259,"column":44},"end":{"line":259,"column":72}},"86":{"start":{"line":260,"column":16},"end":{"line":267,"column":44}},"87":{"start":{"line":262,"column":24},"end":{"line":262,"column":73}},"88":{"start":{"line":263,"column":24},"end":{"line":263,"column":70}},"89":{"start":{"line":264,"column":24},"end":{"line":264,"column":53}},"90":{"start":{"line":265,"column":24},"end":{"line":265,"column":74}},"91":{"start":{"line":279,"column":33},"end":{"line":279,"column":35}},"92":{"start":{"line":280,"column":8},"end":{"line":284,"column":11}},"93":{"start":{"line":281,"column":12},"end":{"line":283,"column":15}},"94":{"start":{"line":282,"column":16},"end":{"line":282,"column":62}},"95":{"start":{"line":285,"column":8},"end":{"line":285,"column":22}},"96":{"start":{"line":12,"column":13},"end":{"line":287,"column":null}},"97":{"start":{"line":12,"column":13},"end":{"line":12,"column":33}}},"fnMap":{"0":{"name":"(anonymous_2)","decl":{"start":{"line":24,"column":4},"end":{"line":24,"column":null}},"loc":{"start":{"line":27,"column":43},"end":{"line":45,"column":5}}},"1":{"name":"(anonymous_3)","decl":{"start":{"line":50,"column":4},"end":{"line":50,"column":13}},"loc":{"start":{"line":50,"column":13},"end":{"line":54,"column":5}}},"2":{"name":"(anonymous_4)","decl":{"start":{"line":62,"column":4},"end":{"line":62,"column":9}},"loc":{"start":{"line":62,"column":57},"end":{"line":76,"column":5}}},"3":{"name":"(anonymous_5)","decl":{"start":{"line":64,"column":67},"end":{"line":64,"column":68}},"loc":{"start":{"line":64,"column":77},"end":{"line":72,"column":13}}},"4":{"name":"(anonymous_6)","decl":{"start":{"line":84,"column":4},"end":{"line":84,"column":9}},"loc":{"start":{"line":84,"column":65},"end":{"line":92,"column":5}}},"5":{"name":"(anonymous_7)","decl":{"start":{"line":101,"column":4},"end":{"line":101,"column":9}},"loc":{"start":{"line":101,"column":79},"end":{"line":130,"column":5}}},"6":{"name":"(anonymous_8)","decl":{"start":{"line":120,"column":33},"end":{"line":120,"column":34}},"loc":{"start":{"line":120,"column":47},"end":{"line":126,"column":13}}},"7":{"name":"(anonymous_9)","decl":{"start":{"line":139,"column":4},"end":{"line":139,"column":9}},"loc":{"start":{"line":139,"column":41},"end":{"line":203,"column":5}}},"8":{"name":"(anonymous_10)","decl":{"start":{"line":210,"column":4},"end":{"line":210,"column":19}},"loc":{"start":{"line":210,"column":61},"end":{"line":216,"column":5}}},"9":{"name":"(anonymous_11)","decl":{"start":{"line":221,"column":12},"end":{"line":221,"column":27}},"loc":{"start":{"line":221,"column":27},"end":{"line":270,"column":5}}},"10":{"name":"(anonymous_12)","decl":{"start":{"line":223,"column":35},"end":{"line":223,"column":38}},"loc":{"start":{"line":223,"column":40},"end":{"line":226,"column":9}}},"11":{"name":"(anonymous_13)","decl":{"start":{"line":229,"column":36},"end":{"line":229,"column":37}},"loc":{"start":{"line":229,"column":46},"end":{"line":231,"column":9}}},"12":{"name":"(anonymous_14)","decl":{"start":{"line":235,"column":38},"end":{"line":235,"column":39}},"loc":{"start":{"line":235,"column":59},"end":{"line":269,"column":9}}},"13":{"name":"(anonymous_15)","decl":{"start":{"line":261,"column":26},"end":{"line":261,"column":27}},"loc":{"start":{"line":261,"column":53},"end":{"line":266,"column":21}}},"14":{"name":"(anonymous_16)","decl":{"start":{"line":278,"column":12},"end":{"line":278,"column":34}},"loc":{"start":{"line":278,"column":76},"end":{"line":286,"column":5}}},"15":{"name":"(anonymous_17)","decl":{"start":{"line":280,"column":25},"end":{"line":280,"column":26}},"loc":{"start":{"line":280,"column":36},"end":{"line":284,"column":9}}},"16":{"name":"(anonymous_18)","decl":{"start":{"line":281,"column":32},"end":{"line":281,"column":33}},"loc":{"start":{"line":281,"column":45},"end":{"line":283,"column":13}}}},"branchMap":{"0":{"loc":{"start":{"line":85,"column":43},"end":{"line":85,"column":61}},"type":"cond-expr","locations":[{"start":{"line":85,"column":43},"end":{"line":85,"column":61}},{"start":{"line":85,"column":64},"end":{"line":85,"column":86}}]},"1":{"loc":{"start":{"line":86,"column":49},"end":{"line":86,"column":70}},"type":"cond-expr","locations":[{"start":{"line":86,"column":49},"end":{"line":86,"column":70}},{"start":{"line":86,"column":73},"end":{"line":86,"column":98}}]},"2":{"loc":{"start":{"line":102,"column":8},"end":{"line":102,"column":32}},"type":"if","locations":[{"start":{"line":102,"column":8},"end":{"line":102,"column":32}},{"start":{"line":102,"column":8},"end":{"line":102,"column":32}}]},"3":{"loc":{"start":{"line":116,"column":70},"end":{"line":116,"column":95}},"type":"cond-expr","locations":[{"start":{"line":116,"column":70},"end":{"line":116,"column":95}},{"start":{"line":116,"column":98},"end":{"line":116,"column":106}}]},"4":{"loc":{"start":{"line":118,"column":8},"end":{"line":127,"column":null}},"type":"if","locations":[{"start":{"line":118,"column":8},"end":{"line":127,"column":null}},{"start":{"line":118,"column":8},"end":{"line":127,"column":null}}]},"5":{"loc":{"start":{"line":119,"column":40},"end":{"line":119,"column":58}},"type":"binary-expr","locations":[{"start":{"line":119,"column":40},"end":{"line":119,"column":58}},{"start":{"line":119,"column":62},"end":{"line":119,"column":64}}]},"6":{"loc":{"start":{"line":151,"column":70},"end":{"line":151,"column":95}},"type":"cond-expr","locations":[{"start":{"line":151,"column":70},"end":{"line":151,"column":95}},{"start":{"line":151,"column":98},"end":{"line":151,"column":106}}]},"7":{"loc":{"start":{"line":152,"column":8},"end":{"line":200,"column":null}},"type":"if","locations":[{"start":{"line":152,"column":8},"end":{"line":200,"column":null}},{"start":{"line":152,"column":8},"end":{"line":200,"column":null}}]},"8":{"loc":{"start":{"line":157,"column":12},"end":{"line":164,"column":null}},"type":"if","locations":[{"start":{"line":157,"column":12},"end":{"line":164,"column":null}},{"start":{"line":157,"column":12},"end":{"line":164,"column":null}}]},"9":{"loc":{"start":{"line":168,"column":12},"end":{"line":175,"column":null}},"type":"if","locations":[{"start":{"line":168,"column":12},"end":{"line":175,"column":null}},{"start":{"line":168,"column":12},"end":{"line":175,"column":null}}]},"10":{"loc":{"start":{"line":181,"column":12},"end":{"line":188,"column":null}},"type":"if","locations":[{"start":{"line":181,"column":12},"end":{"line":188,"column":null}},{"start":{"line":181,"column":12},"end":{"line":188,"column":null}}]},"11":{"loc":{"start":{"line":192,"column":12},"end":{"line":199,"column":null}},"type":"if","locations":[{"start":{"line":192,"column":12},"end":{"line":199,"column":null}},{"start":{"line":192,"column":12},"end":{"line":199,"column":null}}]},"12":{"loc":{"start":{"line":238,"column":12},"end":{"line":268,"column":null}},"type":"if","locations":[{"start":{"line":238,"column":12},"end":{"line":268,"column":null}},{"start":{"line":238,"column":12},"end":{"line":268,"column":null}}]},"13":{"loc":{"start":{"line":238,"column":16},"end":{"line":238,"column":34}},"type":"binary-expr","locations":[{"start":{"line":238,"column":16},"end":{"line":238,"column":34}},{"start":{"line":238,"column":38},"end":{"line":238,"column":75}}]},"14":{"loc":{"start":{"line":242,"column":19},"end":{"line":268,"column":null}},"type":"if","locations":[{"start":{"line":242,"column":19},"end":{"line":268,"column":null}},{"start":{"line":242,"column":19},"end":{"line":268,"column":null}}]},"15":{"loc":{"start":{"line":242,"column":23},"end":{"line":242,"column":42}},"type":"binary-expr","locations":[{"start":{"line":242,"column":23},"end":{"line":242,"column":42}},{"start":{"line":242,"column":46},"end":{"line":242,"column":77}}]},"16":{"loc":{"start":{"line":246,"column":19},"end":{"line":268,"column":null}},"type":"if","locations":[{"start":{"line":246,"column":19},"end":{"line":268,"column":null}},{"start":{"line":246,"column":19},"end":{"line":268,"column":null}}]},"17":{"loc":{"start":{"line":246,"column":23},"end":{"line":246,"column":40}},"type":"binary-expr","locations":[{"start":{"line":246,"column":23},"end":{"line":246,"column":40}},{"start":{"line":246,"column":44},"end":{"line":246,"column":58}}]},"18":{"loc":{"start":{"line":256,"column":19},"end":{"line":268,"column":null}},"type":"if","locations":[{"start":{"line":256,"column":19},"end":{"line":268,"column":null}},{"start":{"line":256,"column":19},"end":{"line":268,"column":null}}]},"19":{"loc":{"start":{"line":256,"column":23},"end":{"line":256,"column":45}},"type":"binary-expr","locations":[{"start":{"line":256,"column":23},"end":{"line":256,"column":45}},{"start":{"line":256,"column":49},"end":{"line":256,"column":82}}]}},"s":{"0":3,"1":3,"2":3,"3":3,"4":3,"5":9,"6":9,"7":9,"8":9,"9":9,"10":9,"11":9,"12":9,"13":9,"14":9,"15":9,"16":9,"17":9,"18":9,"19":9,"20":9,"21":1,"22":1,"23":1,"24":1,"25":1,"26":0,"27":2,"28":2,"29":2,"30":2,"31":2,"32":1,"33":0,"34":1,"35":1,"36":1,"37":1,"38":1,"39":1,"40":1,"41":1,"42":4,"43":4,"44":1,"45":1,"46":1,"47":1,"48":1,"49":1,"50":1,"51":1,"52":1,"53":1,"54":1,"55":1,"56":1,"57":1,"58":1,"59":1,"60":1,"61":1,"62":1,"63":1,"64":1,"65":5,"66":5,"67":9,"68":5,"69":5,"70":9,"71":0,"72":9,"73":1,"74":1,"75":0,"76":0,"77":1,"78":0,"79":0,"80":1,"81":1,"82":1,"83":0,"84":0,"85":0,"86":0,"87":0,"88":0,"89":0,"90":0,"91":5,"92":5,"93":10,"94":20,"95":5,"96":3,"97":3},"f":{"0":9,"1":9,"2":1,"3":1,"4":2,"5":1,"6":4,"7":1,"8":5,"9":9,"10":5,"11":0,"12":1,"13":0,"14":5,"15":10,"16":20},"b":{"0":[2,0],"1":[2,0],"2":[0,1],"3":[1,0],"4":[1,0],"5":[1,0],"6":[1,0],"7":[1,0],"8":[1,0],"9":[1,0],"10":[1,0],"11":[1,0],"12":[0,1],"13":[1,0],"14":[0,1],"15":[1,0],"16":[1,0],"17":[1,1],"18":[0,0],"19":[0,0]}}
}
