TN:
SF:src\app.controller.ts
FN:8,(anonymous_2)
FN:14,(anonymous_3)
FNF:2
FNH:2
FNDA:1,(anonymous_2)
FNDA:1,(anonymous_3)
DA:1,2
DA:2,2
DA:3,2
DA:7,2
DA:8,1
DA:14,2
DA:15,1
LF:7
LH:7
BRF:0
BRH:0
end_of_record
TN:
SF:src\app.gateway.ts
FN:21,(anonymous_2)
FN:31,(anonymous_3)
FN:40,(anonymous_4)
FN:49,(anonymous_5)
FN:63,(anonymous_6)
FNF:5
FNH:0
FNDA:0,(anonymous_2)
FNDA:0,(anonymous_3)
FNDA:0,(anonymous_4)
FNDA:0,(anonymous_5)
FNDA:0,(anonymous_6)
DA:1,1
DA:2,1
DA:3,1
DA:14,1
DA:15,0
DA:20,1
DA:21,0
DA:22,0
DA:31,1
DA:32,0
DA:33,0
DA:41,0
DA:50,0
DA:51,0
DA:52,0
DA:53,0
DA:55,0
DA:64,0
DA:65,0
DA:66,0
DA:67,0
LF:21
LH:6
BRDA:50,0,0,0
BRDA:50,0,1,0
BRF:2
BRH:0
end_of_record
TN:
SF:src\app.module.ts
FNF:0
FNH:0
DA:1,1
DA:2,1
DA:3,1
DA:4,1
DA:5,1
DA:6,1
DA:7,1
DA:8,1
DA:30,1
LF:9
LH:9
BRF:0
BRH:0
end_of_record
TN:
SF:src\app.service.ts
FN:9,(anonymous_1)
FNF:1
FNH:1
FNDA:1,(anonymous_1)
DA:1,2
DA:8,2
DA:10,1
LF:3
LH:3
BRF:0
BRH:0
end_of_record
TN:
SF:src\main.ts
FN:7,bootstrap
FNF:1
FNH:0
FNDA:0,bootstrap
DA:1,0
DA:3,0
DA:4,0
DA:5,0
DA:8,0
DA:9,0
DA:10,0
DA:17,0
DA:22,0
DA:23,0
DA:25,0
DA:27,0
LF:12
LH:0
BRF:0
BRH:0
end_of_record
TN:
SF:src\crypto-compare\crypto-compare.controller.ts
FN:8,(anonymous_4)
FN:16,(anonymous_5)
FN:26,(anonymous_6)
FN:42,(anonymous_7)
FN:52,(anonymous_8)
FNF:5
FNH:4
FNDA:1,(anonymous_4)
FNDA:1,(anonymous_5)
FNDA:1,(anonymous_6)
FNDA:1,(anonymous_7)
FNDA:0,(anonymous_8)
DA:1,2
DA:2,2
DA:3,2
DA:7,2
DA:8,1
DA:16,2
DA:17,1
DA:26,2
DA:27,1
DA:28,1
DA:29,1
DA:42,2
DA:43,1
DA:44,1
DA:52,2
DA:53,0
LF:16
LH:15
BRDA:27,0,0,1
BRDA:27,0,1,0
BRDA:28,1,0,1
BRDA:28,1,1,0
BRDA:43,2,0,1
BRDA:43,2,1,0
BRF:6
BRH:3
end_of_record
TN:
SF:src\crypto-compare\crypto-compare.module.ts
FN:12,(anonymous_1)
FNF:1
FNH:0
FNDA:0,(anonymous_1)
DA:1,1
DA:2,1
DA:3,1
DA:4,1
DA:12,0
DA:22,1
LF:6
LH:5
BRF:0
BRH:0
end_of_record
TN:
SF:src\crypto-compare\crypto-compare.service.ts
FN:24,(anonymous_2)
FN:50,(anonymous_3)
FN:62,(anonymous_4)
FN:64,(anonymous_5)
FN:84,(anonymous_6)
FN:101,(anonymous_7)
FN:120,(anonymous_8)
FN:139,(anonymous_9)
FN:210,(anonymous_10)
FN:221,(anonymous_11)
FN:223,(anonymous_12)
FN:229,(anonymous_13)
FN:235,(anonymous_14)
FN:261,(anonymous_15)
FN:278,(anonymous_16)
FN:280,(anonymous_17)
FN:281,(anonymous_18)
FNF:17
FNH:15
FNDA:9,(anonymous_2)
FNDA:9,(anonymous_3)
FNDA:1,(anonymous_4)
FNDA:1,(anonymous_5)
FNDA:2,(anonymous_6)
FNDA:1,(anonymous_7)
FNDA:4,(anonymous_8)
FNDA:1,(anonymous_9)
FNDA:5,(anonymous_10)
FNDA:9,(anonymous_11)
FNDA:5,(anonymous_12)
FNDA:0,(anonymous_13)
FNDA:1,(anonymous_14)
FNDA:0,(anonymous_15)
FNDA:5,(anonymous_16)
FNDA:10,(anonymous_17)
FNDA:20,(anonymous_18)
DA:1,3
DA:2,3
DA:3,3
DA:5,3
DA:12,3
DA:13,9
DA:25,9
DA:26,9
DA:27,9
DA:29,9
DA:30,9
DA:31,9
DA:33,9
DA:34,9
DA:36,9
DA:37,9
DA:39,9
DA:44,9
DA:51,9
DA:52,9
DA:53,9
DA:63,1
DA:64,1
DA:65,1
DA:66,1
DA:71,1
DA:74,0
DA:85,2
DA:86,2
DA:87,2
DA:88,2
DA:91,2
DA:102,1
DA:103,1
DA:104,1
DA:105,1
DA:110,1
DA:116,1
DA:118,1
DA:119,1
DA:120,1
DA:121,4
DA:125,4
DA:128,1
DA:129,1
DA:140,1
DA:141,1
DA:146,1
DA:151,1
DA:152,1
DA:157,1
DA:158,1
DA:159,1
DA:168,1
DA:169,1
DA:170,1
DA:181,1
DA:182,1
DA:183,1
DA:192,1
DA:193,1
DA:194,1
DA:201,1
DA:202,1
DA:211,5
DA:215,5
DA:223,9
DA:224,5
DA:225,5
DA:229,9
DA:230,0
DA:235,9
DA:236,1
DA:238,1
DA:240,0
DA:241,0
DA:242,1
DA:244,0
DA:245,0
DA:246,1
DA:250,1
DA:255,1
DA:256,0
DA:258,0
DA:259,0
DA:260,0
DA:262,0
DA:263,0
DA:264,0
DA:265,0
DA:279,5
DA:280,5
DA:281,10
DA:282,20
DA:285,5
LF:95
LH:81
BRDA:85,0,0,2
BRDA:85,0,1,0
BRDA:86,1,0,2
BRDA:86,1,1,0
BRDA:102,2,0,0
BRDA:102,2,1,1
BRDA:116,3,0,1
BRDA:116,3,1,0
BRDA:118,4,0,1
BRDA:118,4,1,0
BRDA:119,5,0,1
BRDA:119,5,1,0
BRDA:151,6,0,1
BRDA:151,6,1,0
BRDA:152,7,0,1
BRDA:152,7,1,0
BRDA:157,8,0,1
BRDA:157,8,1,0
BRDA:168,9,0,1
BRDA:168,9,1,0
BRDA:181,10,0,1
BRDA:181,10,1,0
BRDA:192,11,0,1
BRDA:192,11,1,0
BRDA:238,12,0,0
BRDA:238,12,1,1
BRDA:238,13,0,1
BRDA:238,13,1,0
BRDA:242,14,0,0
BRDA:242,14,1,1
BRDA:242,15,0,1
BRDA:242,15,1,0
BRDA:246,16,0,1
BRDA:246,16,1,0
BRDA:246,17,0,1
BRDA:246,17,1,1
BRDA:256,18,0,0
BRDA:256,18,1,0
BRDA:256,19,0,0
BRDA:256,19,1,0
BRF:40
BRH:19
end_of_record
